<?xml version="1.0" encoding="UTF-8"?>
<testng-results skipped="0" failed="0" total="2" passed="2">
  <reporter-output>
  </reporter-output>
  <suite name="VerifyJenkinsSuite" duration-ms="24918" started-at="2018-04-30T12:09:21Z" finished-at="2018-04-30T12:09:45Z">
    <groups>
    </groups>
    <test name="LoginSmoke" duration-ms="24918" started-at="2018-04-30T12:09:21Z" finished-at="2018-04-30T12:09:45Z">
      <class name="testcases.VerifyHomePage">
        <test-method status="PASS" signature="setUp()[pri:0, instance:testcases.VerifyHomePage@68c4039c]" name="setUp" is-config="true" duration-ms="9138" started-at="2018-04-30T17:39:21Z" finished-at="2018-04-30T17:39:30Z">
          <reporter-output>
          </reporter-output>
        </test-method> <!-- setUp -->
        <test-method status="PASS" signature="testVerifyHomePage()[pri:0, instance:testcases.VerifyHomePage@68c4039c]" name="testVerifyHomePage" duration-ms="47" started-at="2018-04-30T17:39:30Z" finished-at="2018-04-30T17:39:30Z">
          <reporter-output>
          </reporter-output>
        </test-method> <!-- testVerifyHomePage -->
        <test-method status="PASS" signature="tearDown()[pri:0, instance:testcases.VerifyHomePage@68c4039c]" name="tearDown" is-config="true" duration-ms="2040" started-at="2018-04-30T17:39:30Z" finished-at="2018-04-30T17:39:32Z">
          <reporter-output>
          </reporter-output>
        </test-method> <!-- tearDown -->
      </class> <!-- testcases.VerifyHomePage -->
      <class name="testcases.VerifyLoginPage">
        <test-method status="PASS" signature="setUp()[pri:0, instance:testcases.VerifyLoginPage@91161c7]" name="setUp" is-config="true" duration-ms="6554" started-at="2018-04-30T17:39:32Z" finished-at="2018-04-30T17:39:38Z">
          <reporter-output>
          </reporter-output>
        </test-method> <!-- setUp -->
        <test-method status="PASS" signature="testVerifyLoginPage()[pri:0, instance:testcases.VerifyLoginPage@91161c7]" name="testVerifyLoginPage" duration-ms="6005" started-at="2018-04-30T17:39:38Z" finished-at="2018-04-30T17:39:44Z">
          <reporter-output>
          </reporter-output>
        </test-method> <!-- testVerifyLoginPage -->
        <test-method status="PASS" signature="tearDown(org.testng.ITestResult)[pri:0, instance:testcases.VerifyLoginPage@91161c7]" name="tearDown" is-config="true" duration-ms="1093" started-at="2018-04-30T17:39:44Z" finished-at="2018-04-30T17:39:45Z">
          <params>
            <param index="0">
              <value>
                <![CDATA[[TestResult name=testVerifyLoginPage status=SUCCESS method=VerifyLoginPage.testVerifyLoginPage()[pri:0, instance:testcases.VerifyLoginPage@91161c7] output={null}]]]>
              </value>
            </param>
          </params>
          <reporter-output>
          </reporter-output>
        </test-method> <!-- tearDown -->
      </class> <!-- testcases.VerifyLoginPage -->
    </test> <!-- LoginSmoke -->
  </suite> <!-- VerifyJenkinsSuite -->
</testng-results>
